<?xml version="1.0" encoding="UTF-8"?>
<!-- Generated by org.testng.reporters.JUnitReportReporter -->
<testsuite hostname="Sanju-2010" failures="0" tests="1" name="com.ShoppersStack_Sanju_Test.Verify_user_able_to_update_Address_or_not" time="53.974" errors="0" timestamp="2024-05-26T23:48:15 IST" skipped="0">
  <testcase classname="com.ShoppersStack_Sanju_Test.Verify_user_able_to_update_Address_or_not" name="udateaddres" time="53.974"/>
</testsuite> <!-- com.ShoppersStack_Sanju_Test.Verify_user_able_to_update_Address_or_not -->
