<?xml version="1.0" encoding="UTF-8"?>
<!-- Generated by org.testng.reporters.JUnitReportReporter -->
<testsuite hostname="Sanju-2010" failures="0" tests="1" name="com.ShoppersStack_Sanju_Test.Verify_user_is_able_to_remove_address_or_not" time="31.690" errors="0" timestamp="2024-05-26T23:16:40 IST" skipped="0">
  <testcase classname="com.ShoppersStack_Sanju_Test.Verify_user_is_able_to_remove_address_or_not" name="removeAddress" time="31.690"/>
</testsuite> <!-- com.ShoppersStack_Sanju_Test.Verify_user_is_able_to_remove_address_or_not -->
