<?xml version="1.0" encoding="UTF-8"?>
<!-- Generated by org.testng.reporters.JUnitReportReporter -->
<testsuite hostname="Sanju-2010" failures="0" tests="1" name="com.ShoppersStack_Sanju_Test.Verify_User_Is_Able_to_Add_Address_or_Not" time="24.078" errors="0" timestamp="2024-05-26T23:36:03 IST" skipped="0">
  <testcase classname="com.ShoppersStack_Sanju_Test.Verify_User_Is_Able_to_Add_Address_or_Not" name="addAddress" time="24.078"/>
</testsuite> <!-- com.ShoppersStack_Sanju_Test.Verify_User_Is_Able_to_Add_Address_or_Not -->
