<?xml version="1.0" encoding="UTF-8"?>
<!-- Generated by org.testng.reporters.JUnitReportReporter -->
<testsuite hostname="Sanju-2010" failures="0" tests="1" name="com.ShoppersStack_Sanju_Test.Verify_useris__able_to_update_Address_or_not_Test" time="40.952" errors="0" timestamp="2024-05-28T11:53:06 IST" skipped="0">
  <testcase classname="com.ShoppersStack_Sanju_Test.Verify_useris__able_to_update_Address_or_not_Test" name="udateaddres" time="40.952"/>
</testsuite> <!-- com.ShoppersStack_Sanju_Test.Verify_useris__able_to_update_Address_or_not_Test -->
