<?xml version="1.0" encoding="UTF-8"?>
<!-- Generated by org.testng.reporters.JUnitReportReporter -->
<testsuite hostname="Sanju-2010" failures="0" tests="1" name="com.ShoppersStack_Sanju_Test.Verifyuser_is_able_to_remove_address_or_not_Test" time="30.498" errors="0" timestamp="2024-06-01T12:20:10 IST" skipped="0">
  <testcase classname="com.ShoppersStack_Sanju_Test.Verifyuser_is_able_to_remove_address_or_not_Test" name="removeAddress" time="30.498"/>
</testsuite> <!-- com.ShoppersStack_Sanju_Test.Verifyuser_is_able_to_remove_address_or_not_Test -->
